<?xml version="1.0" encoding="UTF-8"?>
<!-- Generated by org.testng.reporters.JUnitReportReporter -->
<testsuite hostname="ASCINLAP61434" failures="0" tests="1" name="com.firstcrywebsite.test.TC_SEARCH_001" time="12.835" errors="0" timestamp="2025-10-30T23:05:53 IST" skipped="0">
  <testcase classname="com.firstcrywebsite.test.TC_SEARCH_001" name="searchAndNavigateToProduct" time="12.835"/>
  <system-out/>
</testsuite> <!-- com.firstcrywebsite.test.TC_SEARCH_001 -->
